::1 - - [09/Jan/2023:08:56:07 +0000] "GET /restaurant/63b5d6b80260eca3cd840e58 HTTP/1.1" 501 31 "-" "PostmanRuntime/7.29.0"
::1 - - [09/Jan/2023:08:56:14 +0000] "GET /restaurant/63b5d6b80260eca3cd840e58 HTTP/1.1" 501 31 "-" "PostmanRuntime/7.29.0"
::1 - - [09/Jan/2023:08:56:24 +0000] "POST /restaurants/create HTTP/1.1" 400 607 "-" "PostmanRuntime/7.29.0"
::1 - - [09/Jan/2023:08:56:43 +0000] "GET /restaurant/63b5d6b80260eca3cd840e58 HTTP/1.1" 501 31 "-" "PostmanRuntime/7.29.0"
::1 - - [09/Jan/2023:08:57:28 +0000] "GET /restaurant/63bbd6c64016d20dccbde898 HTTP/1.1" 501 31 "-" "PostmanRuntime/7.29.0"
::1 - - [09/Jan/2023:08:57:55 +0000] "GET /restaurant/63bbd6c64016d20dccbde898 HTTP/1.1" 501 31 "-" "PostmanRuntime/7.29.0"
::1 - - [09/Jan/2023:08:58:25 +0000] "GET /restaurants HTTP/1.1" 501 31 "-" "PostmanRuntime/7.29.0"
::1 - - [09/Jan/2023:08:58:57 +0000] "GET /restaurants HTTP/1.1" 501 31 "-" "PostmanRuntime/7.29.0"
::1 - - [09/Jan/2023:08:58:59 +0000] "GET /restaurants HTTP/1.1" 501 31 "-" "PostmanRuntime/7.29.0"
::1 - - [09/Jan/2023:08:59:01 +0000] "GET /restaurants/ HTTP/1.1" 501 31 "-" "PostmanRuntime/7.29.0"
::1 - - [09/Jan/2023:08:59:14 +0000] "GET /restaurant/63bbd6c64016d20dccbde898 HTTP/1.1" 501 31 "-" "PostmanRuntime/7.29.0"
::1 - - [09/Jan/2023:08:59:47 +0000] "GET /restaurant/63bbd6c64016d20dccbde898 HTTP/1.1" 501 31 "-" "PostmanRuntime/7.29.0"
::1 - - [09/Jan/2023:09:00:22 +0000] "GET /restaurant/63bbd6c64016d20dccbde898 HTTP/1.1" 501 31 "-" "PostmanRuntime/7.29.0"
::1 - - [09/Jan/2023:09:01:30 +0000] "GET /restaurant/63bbd6c64016d20dccbde898 HTTP/1.1" 501 31 "-" "PostmanRuntime/7.29.0"
::1 - - [09/Jan/2023:09:29:01 +0000] "POST /client/create HTTP/1.1" 500 2192 "-" "PostmanRuntime/7.29.0"
::1 - - [09/Jan/2023:09:35:09 +0000] "POST /client/create HTTP/1.1" 400 2323 "-" "PostmanRuntime/7.29.0"
::1 - - [09/Jan/2023:09:35:18 +0000] "POST /client/create HTTP/1.1" 400 2250 "-" "PostmanRuntime/7.29.0"
::1 - - [09/Jan/2023:09:35:25 +0000] "POST /client/create HTTP/1.1" 400 2182 "-" "PostmanRuntime/7.29.0"
::1 - - [09/Jan/2023:09:35:31 +0000] "POST /client/create HTTP/1.1" 500 2428 "-" "PostmanRuntime/7.29.0"
::1 - - [09/Jan/2023:09:36:31 +0000] "POST /client/create HTTP/1.1" 500 2428 "-" "PostmanRuntime/7.29.0"
::1 - - [09/Jan/2023:09:38:04 +0000] "POST /client/create HTTP/1.1" 500 2428 "-" "PostmanRuntime/7.29.0"
::1 - - [09/Jan/2023:09:38:20 +0000] "POST /client/create HTTP/1.1" 400 2152 "-" "PostmanRuntime/7.29.0"
::1 - - [09/Jan/2023:09:39:02 +0000] "POST /client/create HTTP/1.1" 500 2460 "-" "PostmanRuntime/7.29.0"
::1 - - [09/Jan/2023:09:40:23 +0000] "POST /client/create HTTP/1.1" 500 2460 "-" "PostmanRuntime/7.29.0"
::1 - - [09/Jan/2023:09:45:48 +0000] "POST /client/create HTTP/1.1" 500 2460 "-" "PostmanRuntime/7.29.0"
::1 - - [09/Jan/2023:09:45:51 +0000] "POST /client/create HTTP/1.1" 500 2460 "-" "PostmanRuntime/7.29.0"
::1 - - [09/Jan/2023:09:46:38 +0000] "POST /client/create HTTP/1.1" 500 2460 "-" "PostmanRuntime/7.29.0"
::1 - - [09/Jan/2023:09:49:30 +0000] "POST /client/create HTTP/1.1" 500 2390 "-" "PostmanRuntime/7.29.0"
::1 - - [09/Jan/2023:09:51:13 +0000] "POST /client/create HTTP/1.1" 500 2390 "-" "PostmanRuntime/7.29.0"
::1 - - [09/Jan/2023:09:51:18 +0000] "POST /client/create HTTP/1.1" 500 2390 "-" "PostmanRuntime/7.29.0"
::1 - - [09/Jan/2023:09:51:59 +0000] "POST /client/create HTTP/1.1" 500 2390 "-" "PostmanRuntime/7.29.0"
::1 - - [09/Jan/2023:09:54:23 +0000] "POST /client/create HTTP/1.1" 500 2104 "-" "PostmanRuntime/7.29.0"
::1 - - [09/Jan/2023:10:06:29 +0000] "POST /client/63bbe47795de20b82d06c856/create-order HTTP/1.1" 500 2128 "-" "PostmanRuntime/7.29.0"
::1 - - [09/Jan/2023:10:06:58 +0000] "POST /client/63bbe47795de20b82d06c856/create-order HTTP/1.1" 500 2119 "-" "PostmanRuntime/7.29.0"
::1 - - [09/Jan/2023:10:07:15 +0000] "POST /client/63bbe47795de20b82d06c856/create-order HTTP/1.1" 500 2157 "-" "PostmanRuntime/7.29.0"
::1 - - [09/Jan/2023:10:41:03 +0000] "GET /client/63bbe47795de20b82d06c856 HTTP/1.1" 404 170 "-" "PostmanRuntime/7.29.0"
::1 - - [09/Jan/2023:10:41:16 +0000] "GET /client/63bbe47795de20b82d06c856 HTTP/1.1" 404 170 "-" "PostmanRuntime/7.29.0"
::1 - - [09/Jan/2023:11:03:13 +0000] "PUT /client/63bbe47795de20b82d06c856/update-order/63bbe7a033b3d2a33849fd78 HTTP/1.1" 500 2102 "-" "PostmanRuntime/7.29.0"
::1 - - [09/Jan/2023:11:03:37 +0000] "PUT /client/63bbe47795de20b82d06c856/update-order/63bbe7a033b3d2a33849fd78 HTTP/1.1" 500 2114 "-" "PostmanRuntime/7.29.0"
::1 - - [09/Jan/2023:11:04:00 +0000] "PUT /client/63bbe47795de20b82d06c856/update-order/63bbe7a033b3d2a33849fd78 HTTP/1.1" 500 2117 "-" "PostmanRuntime/7.29.0"
::1 - - [09/Jan/2023:12:27:18 +0000] "PUT /client/63bbe47795de20b82d06c856/update-order HTTP/1.1" 404 183 "-" "PostmanRuntime/7.29.0"
::1 - - [09/Jan/2023:12:37:40 +0000] "POST /users/new HTTP/1.1" 400 1477 "-" "PostmanRuntime/7.29.0"
::1 - - [09/Jan/2023:12:38:10 +0000] "POST /auth/login HTTP/1.1" 404 150 "-" "PostmanRuntime/7.29.0"
::1 - - [09/Jan/2023:12:40:11 +0000] "GET /restaurant/63bbd6c64016d20dccbde898 HTTP/1.1" 500 2000 "-" "PostmanRuntime/7.29.0"
::1 - - [09/Jan/2023:12:40:48 +0000] "GET /restaurant/63bbd6c64016d20dccbde898 HTTP/1.1" 500 2000 "-" "PostmanRuntime/7.29.0"
::1 - - [09/Jan/2023:12:42:22 +0000] "GET /restaurant/63bbd6c64016d20dccbde898 HTTP/1.1" 500 2000 "-" "PostmanRuntime/7.29.0"
::1 - - [09/Jan/2023:12:46:32 +0000] "GET /restaurant/63bbd6c64016d20dccbde898 HTTP/1.1" 500 2000 "-" "PostmanRuntime/7.29.0"
::1 - - [09/Jan/2023:12:46:36 +0000] "GET /restaurant/63bbd6c64016d20dccbde898 HTTP/1.1" 500 2000 "-" "PostmanRuntime/7.29.0"
::1 - - [09/Jan/2023:12:46:37 +0000] "GET /restaurant/63bbd6c64016d20dccbde898 HTTP/1.1" 500 2000 "-" "PostmanRuntime/7.29.0"
::1 - - [09/Jan/2023:12:47:32 +0000] "GET /restaurant/63bbd6c64016d20dccbde898 HTTP/1.1" 500 2000 "-" "PostmanRuntime/7.29.0"
::1 - - [09/Jan/2023:12:49:24 +0000] "GET /restaurant/63bbd6c64016d20dccbde898 HTTP/1.1" 401 2229 "-" "PostmanRuntime/7.29.0"
::1 - - [09/Jan/2023:13:03:06 +0000] "PUT /auth/login HTTP/1.1" 500 45 "-" "PostmanRuntime/7.29.0"
::1 - - [09/Jan/2023:13:04:15 +0000] "PUT /auth/login HTTP/1.1" 500 45 "-" "PostmanRuntime/7.29.0"
::1 - - [09/Jan/2023:13:04:26 +0000] "PUT /auth/login HTTP/1.1" 500 45 "-" "PostmanRuntime/7.29.0"
::1 - - [09/Jan/2023:13:04:28 +0000] "PUT /auth/login HTTP/1.1" 500 45 "-" "PostmanRuntime/7.29.0"
::1 - - [09/Jan/2023:13:04:32 +0000] "PUT /auth/login HTTP/1.1" 500 45 "-" "PostmanRuntime/7.29.0"
::1 - - [09/Jan/2023:13:05:33 +0000] "PUT /auth/login HTTP/1.1" 500 45 "-" "PostmanRuntime/7.29.0"
::1 - - [09/Jan/2023:13:07:15 +0000] "PUT /auth/login HTTP/1.1" 500 45 "-" "PostmanRuntime/7.29.0"
::1 - - [09/Jan/2023:13:07:53 +0000] "PUT /auth/login HTTP/1.1" 500 45 "-" "PostmanRuntime/7.29.0"
::1 - - [09/Jan/2023:13:08:56 +0000] "PUT /auth/login HTTP/1.1" 500 45 "-" "PostmanRuntime/7.29.0"
::1 - - [09/Jan/2023:13:10:49 +0000] "PUT /auth/login HTTP/1.1" 500 45 "-" "PostmanRuntime/7.29.0"
::1 - - [09/Jan/2023:13:12:17 +0000] "PUT /auth/login HTTP/1.1" 500 45 "-" "PostmanRuntime/7.29.0"
::1 - - [09/Jan/2023:13:13:15 +0000] "PUT /auth/login HTTP/1.1" 500 45 "-" "PostmanRuntime/7.29.0"
::1 - - [09/Jan/2023:13:24:27 +0000] "GET /restaurant/63bbd6c64016d20dccbde898 HTTP/1.1" 401 2229 "-" "PostmanRuntime/7.29.0"
::1 - - [09/Jan/2023:14:01:07 +0000] "PUT /auth/login HTTP/1.1" 500 642 "-" "PostmanRuntime/7.29.0"
::1 - - [09/Jan/2023:14:05:10 +0000] "PUT /auth/login HTTP/1.1" 401 637 "-" "PostmanRuntime/7.29.0"
::1 - - [09/Jan/2023:14:05:59 +0000] "PUT /auth/login HTTP/1.1" 401 637 "-" "PostmanRuntime/7.29.0"
::1 - - [09/Jan/2023:14:07:11 +0000] "PUT /auth/login HTTP/1.1" 401 637 "-" "PostmanRuntime/7.29.0"
::1 - - [09/Jan/2023:14:07:35 +0000] "PUT /auth/login HTTP/1.1" 401 637 "-" "PostmanRuntime/7.29.0"
::1 - - [09/Jan/2023:14:08:00 +0000] "PUT /auth/login HTTP/1.1" 401 637 "-" "PostmanRuntime/7.29.0"
::1 - - [09/Jan/2023:14:08:35 +0000] "PUT /auth/login HTTP/1.1" 401 637 "-" "PostmanRuntime/7.29.0"
::1 - - [09/Jan/2023:14:09:28 +0000] "PUT /auth/login HTTP/1.1" 401 637 "-" "PostmanRuntime/7.29.0"
::1 - - [09/Jan/2023:14:09:54 +0000] "PUT /auth/login HTTP/1.1" 500 341 "-" "PostmanRuntime/7.29.0"
::1 - - [09/Jan/2023:14:10:32 +0000] "PUT /auth/login HTTP/1.1" 500 348 "-" "PostmanRuntime/7.29.0"
::1 - - [09/Jan/2023:14:11:27 +0000] "PUT /auth/login HTTP/1.1" 500 763 "-" "PostmanRuntime/7.29.0"
::1 - - [09/Jan/2023:14:13:28 +0000] "PUT /auth/login HTTP/1.1" 500 763 "-" "PostmanRuntime/7.29.0"
::1 - - [09/Jan/2023:14:15:58 +0000] "PUT /auth/login HTTP/1.1" 500 763 "-" "PostmanRuntime/7.29.0"
::1 - - [09/Jan/2023:14:18:23 +0000] "PUT /auth/login HTTP/1.1" 500 763 "-" "PostmanRuntime/7.29.0"
::1 - - [09/Jan/2023:14:18:56 +0000] "PUT /auth/login HTTP/1.1" 500 763 "-" "PostmanRuntime/7.29.0"
::1 - - [09/Jan/2023:14:19:47 +0000] "PUT /auth/login HTTP/1.1" 500 763 "-" "PostmanRuntime/7.29.0"
::1 - - [09/Jan/2023:14:20:27 +0000] "PUT /auth/login HTTP/1.1" 500 763 "-" "PostmanRuntime/7.29.0"
::1 - - [09/Jan/2023:14:22:01 +0000] "GET /restaurant/63bbd6c64016d20dccbde898 HTTP/1.1" 401 2229 "-" "PostmanRuntime/7.29.0"
::1 - - [09/Jan/2023:14:22:10 +0000] "GET /restaurant/63bbd6c64016d20dccbde898 HTTP/1.1" 401 2214 "-" "PostmanRuntime/7.29.0"
::1 - - [09/Jan/2023:14:22:45 +0000] "GET /restaurant/63bbd6c64016d20dccbde898 HTTP/1.1" 401 2214 "-" "PostmanRuntime/7.29.0"
::1 - - [09/Jan/2023:14:23:07 +0000] "GET /restaurant/63bbd6c64016d20dccbde898 HTTP/1.1" 401 2214 "-" "PostmanRuntime/7.29.0"
::1 - - [09/Jan/2023:14:25:32 +0000] "GET /restaurant/63bbd6c64016d20dccbde898 HTTP/1.1" 401 2214 "-" "PostmanRuntime/7.29.0"
::1 - - [09/Jan/2023:14:26:16 +0000] "GET /restaurant/63bbd6c64016d20dccbde898 HTTP/1.1" 401 2214 "-" "PostmanRuntime/7.29.0"
::1 - - [09/Jan/2023:14:30:37 +0000] "GET /restaurant/63bbd6c64016d20dccbde898 HTTP/1.1" 401 2214 "-" "PostmanRuntime/7.29.0"
::1 - - [09/Jan/2023:14:34:14 +0000] "GET /restaurant/63bbd6c64016d20dccbde898 HTTP/1.1" 401 2237 "-" "PostmanRuntime/7.29.0"
::1 - - [09/Jan/2023:15:10:20 +0000] "POST /auth/password HTTP/1.1" 404 153 "-" "PostmanRuntime/7.29.0"
::1 - - [09/Jan/2023:15:10:52 +0000] "POST /auth/forgot-password HTTP/1.1" 400 2137 "-" "PostmanRuntime/7.29.0"
::1 - - [09/Jan/2023:15:11:14 +0000] "POST /auth/forgot-password HTTP/1.1" 400 2147 "-" "PostmanRuntime/7.29.0"
::1 - - [09/Jan/2023:15:11:40 +0000] "POST /users/new HTTP/1.1" 500 2116 "-" "PostmanRuntime/7.29.0"
::1 - - [09/Jan/2023:15:13:09 +0000] "POST /users/new HTTP/1.1" 500 2155 "-" "PostmanRuntime/7.29.0"
::1 - - [09/Jan/2023:15:14:02 +0000] "POST /users/new HTTP/1.1" 500 2155 "-" "PostmanRuntime/7.29.0"
::1 - - [09/Jan/2023:15:15:50 +0000] "POST /users/new HTTP/1.1" 500 543 "-" "PostmanRuntime/7.29.0"
::1 - - [09/Jan/2023:15:17:41 +0000] "POST /users/new HTTP/1.1" 500 543 "-" "PostmanRuntime/7.29.0"
::1 - - [09/Jan/2023:15:19:46 +0000] "POST /users/new HTTP/1.1" 500 343 "-" "PostmanRuntime/7.29.0"
::1 - - [09/Jan/2023:15:21:18 +0000] "POST /users/new HTTP/1.1" 500 346 "-" "PostmanRuntime/7.29.0"
::1 - - [09/Jan/2023:15:21:37 +0000] "POST /users/new HTTP/1.1" 400 328 "-" "PostmanRuntime/7.29.0"
::1 - - [09/Jan/2023:15:23:29 +0000] "POST /users/new HTTP/1.1" 400 328 "-" "PostmanRuntime/7.29.0"
::1 - - [09/Jan/2023:15:28:34 +0000] "POST /users/new HTTP/1.1" 400 328 "-" "PostmanRuntime/7.29.0"
::1 - - [09/Jan/2023:15:35:39 +0000] "POST /users/new HTTP/1.1" 500 2116 "-" "PostmanRuntime/7.29.0"
::1 - - [09/Jan/2023:15:36:22 +0000] "POST /users/new HTTP/1.1" 401 625 "-" "PostmanRuntime/7.29.0"
::1 - - [09/Jan/2023:15:37:43 +0000] "POST /users/new HTTP/1.1" 400 328 "-" "PostmanRuntime/7.29.0"
::1 - - [09/Jan/2023:15:40:12 +0000] "POST /users/new HTTP/1.1" 400 328 "-" "PostmanRuntime/7.29.0"
::1 - - [09/Jan/2023:15:41:15 +0000] "POST /users/new HTTP/1.1" 401 625 "-" "PostmanRuntime/7.29.0"
::1 - - [09/Jan/2023:15:41:21 +0000] "POST /users/new HTTP/1.1" 400 328 "-" "PostmanRuntime/7.29.0"
::1 - - [09/Jan/2023:15:41:57 +0000] "POST /users/new HTTP/1.1" 400 331 "-" "PostmanRuntime/7.29.0"
::1 - - [09/Jan/2023:15:48:24 +0000] "POST /auth/reset-password?token=eyJhbGciOiJIUzI1NiIsInR5cCI6IkpXVCJ9.eyJzdWIiOjEsImlhdCI6MTY3MzI3OTAwOCwiZXhwIjoxNjczMjc5NjA4LCJ0eXBlIjoicmVzZXRQYXNzd29yZCJ9.0qDMszdnqIwFalfQwZcePRiOl9_go10XBAai3quoR80 HTTP/1.1" 400 2160 "-" "PostmanRuntime/7.29.0"
::1 - - [09/Jan/2023:15:48:33 +0000] "POST /auth/reset-password?token=eyJhbGciOiJIUzI1NiIsInR5cCI6IkpXVCJ9.eyJzdWIiOjEsImlhdCI6MTY3MzI3OTAwOCwiZXhwIjoxNjczMjc5NjA4LCJ0eXBlIjoicmVzZXRQYXNzd29yZCJ9.0qDMszdnqIwFalfQwZcePRiOl9_go10XBAai3quoR80 HTTP/1.1" 401 620 "-" "PostmanRuntime/7.29.0"
::1 - - [09/Jan/2023:15:52:05 +0000] "POST /auth/reset-password?token=eyJhbGciOiJIUzI1NiIsInR5cCI6IkpXVCJ9.eyJzdWIiOjEsImlhdCI6MTY3MzI3OTQ5NiwiZXhwIjoxNjczMjgwMDk2LCJ0eXBlIjoicmVzZXRQYXNzd29yZCJ9.Xhbj5pQTcPnQ22dJpO0qO0ojazSDJ6RcKPRgS8X09To HTTP/1.1" 401 620 "-" "PostmanRuntime/7.29.0"
::1 - - [09/Jan/2023:15:52:23 +0000] "PUT /auth/login HTTP/1.1" 401 550 "-" "PostmanRuntime/7.29.0"
::1 - - [09/Jan/2023:15:55:49 +0000] "POST /auth/reset-password?token=eyJhbGciOiJIUzI1NiIsInR5cCI6IkpXVCJ9.eyJzdWIiOjEsImlhdCI6MTY3MzI3OTcxOCwiZXhwIjoxNjczMjgwMzE4LCJ0eXBlIjoicmVzZXRQYXNzd29yZCJ9.3fmBl5pfCqm9I7H_aUtryeXZfLGzMwSb96L3gz89P-k HTTP/1.1" 401 620 "-" "PostmanRuntime/7.29.0"
::1 - - [09/Jan/2023:15:57:37 +0000] "POST /auth/reset-password?token=eyJhbGciOiJIUzI1NiIsInR5cCI6IkpXVCJ9.eyJzdWIiOjEsImlhdCI6MTY3MzI3OTcxOCwiZXhwIjoxNjczMjgwMzE4LCJ0eXBlIjoicmVzZXRQYXNzd29yZCJ9.3fmBl5pfCqm9I7H_aUtryeXZfLGzMwSb96L3gz89P-k HTTP/1.1" 500 827 "-" "PostmanRuntime/7.29.0"
::1 - - [09/Jan/2023:15:59:43 +0000] "POST /auth/reset-password?token=eyJhbGciOiJIUzI1NiIsInR5cCI6IkpXVCJ9.eyJzdWIiOjEsImlhdCI6MTY3MzI3OTcxOCwiZXhwIjoxNjczMjgwMzE4LCJ0eXBlIjoicmVzZXRQYXNzd29yZCJ9.3fmBl5pfCqm9I7H_aUtryeXZfLGzMwSb96L3gz89P-k HTTP/1.1" 500 637 "-" "PostmanRuntime/7.29.0"
::1 - - [09/Jan/2023:16:02:10 +0000] "PUT /auth/login HTTP/1.1" 401 550 "-" "PostmanRuntime/7.29.0"
::1 - - [09/Jan/2023:16:02:15 +0000] "PUT /auth/login HTTP/1.1" 401 550 "-" "PostmanRuntime/7.29.0"
::1 - - [09/Jan/2023:16:02:27 +0000] "PUT /auth/login HTTP/1.1" 401 550 "-" "PostmanRuntime/7.29.0"
::1 - - [09/Jan/2023:16:04:19 +0000] "PUT /auth/login HTTP/1.1" 401 550 "-" "PostmanRuntime/7.29.0"
::1 - - [09/Jan/2023:16:09:01 +0000] "PUT /auth/login HTTP/1.1" 401 550 "-" "PostmanRuntime/7.29.0"
::1 - - [09/Jan/2023:16:26:43 +0000] "PUT /auth/login HTTP/1.1" 401 550 "-" "PostmanRuntime/7.29.0"
::1 - - [09/Jan/2023:16:26:53 +0000] "PUT /auth/login HTTP/1.1" 401 550 "-" "PostmanRuntime/7.29.0"
::1 - - [09/Jan/2023:16:26:59 +0000] "PUT /auth/login HTTP/1.1" 401 550 "-" "PostmanRuntime/7.29.0"
::1 - - [09/Jan/2023:16:27:28 +0000] "PUT /auth/login HTTP/1.1" 401 550 "-" "PostmanRuntime/7.29.0"
::1 - - [09/Jan/2023:16:27:35 +0000] "PUT /auth/login HTTP/1.1" 401 550 "-" "PostmanRuntime/7.29.0"
::1 - - [09/Jan/2023:16:28:27 +0000] "PUT /auth/login HTTP/1.1" 401 550 "-" "PostmanRuntime/7.29.0"
::1 - - [09/Jan/2023:16:28:32 +0000] "PUT /auth/login HTTP/1.1" 401 550 "-" "PostmanRuntime/7.29.0"
::1 - - [09/Jan/2023:16:30:36 +0000] "PUT /auth/login HTTP/1.1" 401 550 "-" "PostmanRuntime/7.29.0"
::1 - - [10/Jan/2023:08:20:51 +0000] "POST /users/new HTTP/1.1" 401 625 "-" "PostmanRuntime/7.29.0"
::1 - - [10/Jan/2023:08:32:49 +0000] "POST /auth/reset-password?token=eyJhbGciOiJIUzI1NiIsInR5cCI6IkpXVCJ9.eyJzdWIiOjksImlhdCI6MTY3MzI4MTY3NiwiZXhwIjoxNjczMjgyMjc2LCJ0eXBlIjoicmVzZXRQYXNzd29yZCJ9.5Rq5oqt6v-7m09RIoBAhQhaiyQM-tbQ2z6quXfgubQc HTTP/1.1" 500 2057 "-" "PostmanRuntime/7.29.0"
::1 - - [10/Jan/2023:08:43:47 +0000] "POST /auth/send-verification-email HTTP/1.1" 500 2165 "-" "PostmanRuntime/7.29.0"
::1 - - [10/Jan/2023:08:44:39 +0000] "POST /auth/send-verification-email HTTP/1.1" 500 2165 "-" "PostmanRuntime/7.29.0"
::1 - - [10/Jan/2023:09:03:51 +0000] "POST /auth/send-verification-email HTTP/1.1" 500 2165 "-" "PostmanRuntime/7.29.0"
::1 - - [10/Jan/2023:09:03:58 +0000] "POST /auth/send-verification-email HTTP/1.1" 500 2165 "-" "PostmanRuntime/7.29.0"
::1 - - [10/Jan/2023:09:05:01 +0000] "POST /auth/send-verification-email HTTP/1.1" 500 2165 "-" "PostmanRuntime/7.29.0"
::1 - - [10/Jan/2023:09:06:06 +0000] "POST /auth/send-verification-email HTTP/1.1" 500 2165 "-" "PostmanRuntime/7.29.0"
::1 - - [10/Jan/2023:09:06:40 +0000] "POST /auth/send-verification-email HTTP/1.1" 500 2165 "-" "PostmanRuntime/7.29.0"
::1 - - [10/Jan/2023:09:09:03 +0000] "POST /auth/verify-email?token=eyJhbGciOiJIUzI1NiIsInR5cCI6IkpXVCJ9.eyJzdWIiOjIsImlhdCI6MTY3MzM0MTcwMSwiZXhwIjoxNjczMzQyMzAxLCJ0eXBlIjoidmVyaWZ5RW1haWwifQ.rvD17LQcr5obPQa94eb2MUqkvVJrKoJUv9J2vOy-Z24 HTTP/1.1" 401 623 "-" "PostmanRuntime/7.29.0"
::1 - - [10/Jan/2023:09:11:49 +0000] "POST /auth/verify-email?token=eyJhbGciOiJIUzI1NiIsInR5cCI6IkpXVCJ9.eyJzdWIiOjIsImlhdCI6MTY3MzM0MTcwMSwiZXhwIjoxNjczMzQyMzAxLCJ0eXBlIjoidmVyaWZ5RW1haWwifQ.rvD17LQcr5obPQa94eb2MUqkvVJrKoJUv9J2vOy-Z24 HTTP/1.1" 500 636 "-" "PostmanRuntime/7.29.0"
::1 - - [10/Jan/2023:09:31:57 +0000] "POST /delivery/create HTTP/1.1" 400 2147 "-" "PostmanRuntime/7.29.0"
::1 - - [10/Jan/2023:09:32:33 +0000] "POST /delivery/create HTTP/1.1" 500 2156 "-" "PostmanRuntime/7.29.0"
::1 - - [10/Jan/2023:09:33:19 +0000] "POST /delivery/create HTTP/1.1" 500 2163 "-" "PostmanRuntime/7.29.0"
::1 - - [10/Jan/2023:09:47:46 +0000] "POST /delivery/create HTTP/1.1" 500 868 "-" "PostmanRuntime/7.29.0"
::1 - - [10/Jan/2023:10:05:56 +0000] "PUT /delivery/63bd3176411b83a82662ae03/update-profil HTTP/1.1" 400 2142 "-" "PostmanRuntime/7.29.0"
::1 - - [10/Jan/2023:10:06:13 +0000] "PUT /delivery/63bd3176411b83a82662ae03/update-profil HTTP/1.1" 500 2114 "-" "PostmanRuntime/7.29.0"
::1 - - [10/Jan/2023:10:06:34 +0000] "PUT /delivery/63bd3176411b83a82662ae03/update-profil HTTP/1.1" 500 2133 "-" "PostmanRuntime/7.29.0"
::1 - - [10/Jan/2023:10:07:10 +0000] "PUT /delivery/63bd3176411b83a82662ae03/update-profil HTTP/1.1" 500 2135 "-" "PostmanRuntime/7.29.0"
::1 - - [10/Jan/2023:10:07:41 +0000] "PUT /delivery/63bd3176411b83a82662ae03/update-profil HTTP/1.1" 500 767 "-" "PostmanRuntime/7.29.0"
::1 - - [10/Jan/2023:10:17:49 +0000] "GET /delivery/63bd393e6c8603c62b4d62be HTTP/1.1" 404 172 "-" "PostmanRuntime/7.29.0"
::1 - - [10/Jan/2023:10:18:15 +0000] "GET /delivery/63bd393e6c8603c62b4d62be HTTP/1.1" 500 767 "-" "PostmanRuntime/7.29.0"
::1 - - [10/Jan/2023:12:41:04 +0000] "PUT /restaurant/63bbd6c64016d20dccbde898/update-order HTTP/1.1" 400 2141 "-" "PostmanRuntime/7.29.0"
::1 - - [10/Jan/2023:12:48:09 +0000] "GET /delivery/pending HTTP/1.1" 500 751 "-" "PostmanRuntime/7.29.0"
::1 - - [10/Jan/2023:12:51:01 +0000] "GET /delivery/pending HTTP/1.1" 500 751 "-" "PostmanRuntime/7.29.0"
::1 - - [10/Jan/2023:12:54:22 +0000] "GET /delivery/pending HTTP/1.1" 500 751 "-" "PostmanRuntime/7.29.0"
::1 - - [10/Jan/2023:12:55:25 +0000] "GET /delivery/pending HTTP/1.1" 500 751 "-" "PostmanRuntime/7.29.0"
::1 - - [10/Jan/2023:12:55:58 +0000] "GET /delivery/pending HTTP/1.1" 500 751 "-" "PostmanRuntime/7.29.0"
::1 - - [10/Jan/2023:13:00:13 +0000] "GET /delivery/pending HTTP/1.1" 500 751 "-" "PostmanRuntime/7.29.0"
::1 - - [10/Jan/2023:13:00:40 +0000] "GET /delivery/pending HTTP/1.1" 500 751 "-" "PostmanRuntime/7.29.0"
::1 - - [10/Jan/2023:13:16:21 +0000] "PUT /client/63bbe47795de20b82d06c856/update-order HTTP/1.1" 400 2140 "-" "PostmanRuntime/7.29.0"
::1 - - [10/Jan/2023:13:16:50 +0000] "PUT /client/63bbe47795de20b82d06c856/update-order HTTP/1.1" 400 2144 "-" "PostmanRuntime/7.29.0"
::1 - - [10/Jan/2023:13:18:39 +0000] "PUT /client/63bbe47795de20b82d06c856/update-order HTTP/1.1" 400 1478 "-" "PostmanRuntime/7.29.0"
::1 - - [10/Jan/2023:13:42:37 +0000] "PUT /auth/login HTTP/1.1" 401 637 "-" "PostmanRuntime/7.29.0"
::1 - - [10/Jan/2023:13:47:42 +0000] "POST /client/create HTTP/1.1" 401 1980 "-" "PostmanRuntime/7.29.0"
::1 - - [10/Jan/2023:13:56:52 +0000] "POST /restaurant/63bd6c9f72136b48bcf14e33/article/create HTTP/1.1" 400 1004 "-" "PostmanRuntime/7.29.0"
::1 - - [10/Jan/2023:14:05:31 +0000] "GET /restaurant/63bbd6c64016d20dccbde898 HTTP/1.1" 401 1980 "-" "PostmanRuntime/7.29.0"
::1 - - [10/Jan/2023:14:08:44 +0000] "GET /restaurant/63bbd6c64016d20dccbde898 HTTP/1.1" 404 35 "-" "PostmanRuntime/7.29.0"
::1 - - [10/Jan/2023:14:11:04 +0000] "PUT /restaurant/63b5d6b80260eca3cd840e58/article/update HTTP/1.1" 401 1980 "-" "PostmanRuntime/7.29.0"
::1 - - [10/Jan/2023:14:30:23 +0000] "POST /delivery/create HTTP/1.1" 401 1980 "-" "PostmanRuntime/7.29.0"
::1 - - [10/Jan/2023:14:30:32 +0000] "POST /delivery/create HTTP/1.1" 401 2229 "-" "PostmanRuntime/7.29.0"
::1 - - [10/Jan/2023:14:35:11 +0000] "GET /users/find HTTP/1.1" 500 745 "-" "PostmanRuntime/7.29.0"
::1 - - [10/Jan/2023:14:38:30 +0000] "GET /users/find HTTP/1.1" 404 5 "-" "PostmanRuntime/7.29.0"
::1 - - [10/Jan/2023:14:39:08 +0000] "GET /users/find HTTP/1.1" 404 5 "-" "PostmanRuntime/7.29.0"
::1 - - [11/Jan/2023:09:53:35 +0000] "POST /restaurants/create HTTP/1.1" 404 158 "-" "PostmanRuntime/7.29.0"
::1 - - [11/Jan/2023:09:53:42 +0000] "POST /restaurant/create HTTP/1.1" 400 639 "-" "PostmanRuntime/7.29.0"
::1 - - [11/Jan/2023:10:19:42 +0000] "POST /restaurant/create HTTP/1.1" 400 1230 "-" "PostmanRuntime/7.29.0"
::1 - - [11/Jan/2023:10:20:34 +0000] "POST /restaurant/create HTTP/1.1" 400 639 "-" "PostmanRuntime/7.29.0"
::1 - - [11/Jan/2023:10:20:40 +0000] "POST /restaurant/create HTTP/1.1" 500 1010 "-" "PostmanRuntime/7.29.0"
::1 - - [11/Jan/2023:10:21:30 +0000] "POST /restaurant/create HTTP/1.1" 500 1010 "-" "PostmanRuntime/7.29.0"
::1 - - [11/Jan/2023:10:23:06 +0000] "POST /restaurant/create HTTP/1.1" 500 1010 "-" "PostmanRuntime/7.29.0"
::1 - - [18/Jan/2023:08:29:17 +0000] "POST /client/63be8fc1771c59009ef38f37/create-checkout-session HTTP/1.1" 400 807 "http://localhost:8080/" "Mozilla/5.0 (Windows NT 10.0; Win64; x64) AppleWebKit/537.36 (KHTML, like Gecko) Chrome/108.0.0.0 Safari/537.36"
::1 - - [18/Jan/2023:08:33:28 +0000] "POST /client/63be8fc1771c59009ef38f37/create-checkout-session HTTP/1.1" 400 574 "http://localhost:8080/" "Mozilla/5.0 (Windows NT 10.0; Win64; x64) AppleWebKit/537.36 (KHTML, like Gecko) Chrome/108.0.0.0 Safari/537.36"
::ffff:127.0.0.1 - - [18/Jan/2023:08:36:35 +0000] "POST /client/63be8fc1771c59009ef38f37/create-checkout-session HTTP/1.1" 400 523 "http://localhost:8080/" "Mozilla/5.0 (Windows NT 10.0; Win64; x64) AppleWebKit/537.36 (KHTML, like Gecko) Chrome/108.0.0.0 Safari/537.36"
::1 - - [18/Jan/2023:08:37:41 +0000] "POST /client/63be8fc1771c59009ef38f37/create-checkout-session HTTP/1.1" 400 734 "http://localhost:8080/" "Mozilla/5.0 (Windows NT 10.0; Win64; x64) AppleWebKit/537.36 (KHTML, like Gecko) Chrome/108.0.0.0 Safari/537.36"
::1 - - [18/Jan/2023:08:39:03 +0000] "POST /client/63be8fc1771c59009ef38f37/create-checkout-session HTTP/1.1" 400 734 "http://localhost:8080/" "Mozilla/5.0 (Windows NT 10.0; Win64; x64) AppleWebKit/537.36 (KHTML, like Gecko) Chrome/108.0.0.0 Safari/537.36"
::1 - - [18/Jan/2023:08:56:14 +0000] "GET /client/63be8fc1771c59009ef38f37/orders HTTP/1.1" 401 1558 "http://localhost:8080/" "Mozilla/5.0 (Windows NT 10.0; Win64; x64) AppleWebKit/537.36 (KHTML, like Gecko) Chrome/108.0.0.0 Safari/537.36"
::1 - - [18/Jan/2023:08:56:33 +0000] "POST /client/63be8fc1771c59009ef38f37/create-checkout-session HTTP/1.1" 400 555 "http://localhost:8080/" "Mozilla/5.0 (Windows NT 10.0; Win64; x64) AppleWebKit/537.36 (KHTML, like Gecko) Chrome/108.0.0.0 Safari/537.36"
::ffff:127.0.0.1 - - [18/Jan/2023:09:00:30 +0000] "POST /client/63be8fc1771c59009ef38f37/create-checkout-session HTTP/1.1" 400 1174 "http://localhost:8080/" "Mozilla/5.0 (Windows NT 10.0; Win64; x64) AppleWebKit/537.36 (KHTML, like Gecko) Chrome/108.0.0.0 Safari/537.36"
::1 - - [18/Jan/2023:09:02:36 +0000] "POST /client/63be8fc1771c59009ef38f37/create-checkout-session HTTP/1.1" 400 1341 "http://localhost:8080/" "Mozilla/5.0 (Windows NT 10.0; Win64; x64) AppleWebKit/537.36 (KHTML, like Gecko) Chrome/108.0.0.0 Safari/537.36"
::1 - - [18/Jan/2023:09:12:25 +0000] "POST /client/63be8fc1771c59009ef38f37/create-checkout-session HTTP/1.1" 400 634 "http://localhost:8080/" "Mozilla/5.0 (Windows NT 10.0; Win64; x64) AppleWebKit/537.36 (KHTML, like Gecko) Chrome/108.0.0.0 Safari/537.36"
::ffff:127.0.0.1 - - [18/Jan/2023:09:16:49 +0000] "POST /client/63be8fc1771c59009ef38f37/create-checkout-session HTTP/1.1" 500 874 "http://localhost:8080/" "Mozilla/5.0 (Windows NT 10.0; Win64; x64) AppleWebKit/537.36 (KHTML, like Gecko) Chrome/108.0.0.0 Safari/537.36"
::ffff:127.0.0.1 - - [18/Jan/2023:09:17:25 +0000] "POST /client/63be8fc1771c59009ef38f37/create-checkout-session HTTP/1.1" 500 365 "http://localhost:8080/" "Mozilla/5.0 (Windows NT 10.0; Win64; x64) AppleWebKit/537.36 (KHTML, like Gecko) Chrome/108.0.0.0 Safari/537.36"
::1 - - [18/Jan/2023:09:21:34 +0000] "GET /client/63be8fc1771c59009ef38f37/create-checkout-session HTTP/1.1" 404 194 "-" "Mozilla/5.0 (Windows NT 10.0; Win64; x64) AppleWebKit/537.36 (KHTML, like Gecko) Chrome/108.0.0.0 Safari/537.36"
::1 - - [18/Jan/2023:10:01:09 +0000] "POST /client/63be8fc1771c59009ef38f37/create-checkout-session HTTP/1.1" 401 1558 "http://localhost:8080/" "Mozilla/5.0 (Windows NT 10.0; Win64; x64) AppleWebKit/537.36 (KHTML, like Gecko) Chrome/108.0.0.0 Safari/537.36"
::1 - - [18/Jan/2023:10:01:35 +0000] "GET /client/63be8fc1771c59009ef38f37/orders HTTP/1.1" 401 1558 "http://localhost:8080/" "Mozilla/5.0 (Windows NT 10.0; Win64; x64) AppleWebKit/537.36 (KHTML, like Gecko) Chrome/108.0.0.0 Safari/537.36"
::1 - - [18/Jan/2023:10:01:38 +0000] "GET /client/63be8fc1771c59009ef38f37/orders HTTP/1.1" 401 1558 "http://localhost:8080/" "Mozilla/5.0 (Windows NT 10.0; Win64; x64) AppleWebKit/537.36 (KHTML, like Gecko) Chrome/108.0.0.0 Safari/537.36"
::1 - - [18/Jan/2023:10:01:51 +0000] "POST /client/63be8fc1771c59009ef38f37/create-checkout-session HTTP/1.1" 401 1558 "http://localhost:8080/" "Mozilla/5.0 (Windows NT 10.0; Win64; x64) AppleWebKit/537.36 (KHTML, like Gecko) Chrome/108.0.0.0 Safari/537.36"
::1 - - [18/Jan/2023:10:01:51 +0000] "POST /auth/refresh-tokens HTTP/1.1" 401 483 "http://localhost:8080/" "Mozilla/5.0 (Windows NT 10.0; Win64; x64) AppleWebKit/537.36 (KHTML, like Gecko) Chrome/108.0.0.0 Safari/537.36"
